# JRE version: OpenJDK Runtime Environment Temurin-21.0.8+9 (21.0.8+9) (build 21.0.8+9-LTS)
# Java VM: OpenJDK 64-Bit Server VM Temurin-21.0.8+9 (21.0.8+9-LTS, mixed mode, emulated-client, sharing, tiered, compressed oops, compressed class ptrs, g1 gc, windows-amd64)
GC Precious Log:
 CardTable entry size: 512
 Card Set container configuration: InlinePtr #cards 5 size 8 Array Of Cards #cards 12 size 40 Howl #buckets 4 coarsen threshold 1843 Howl Bitmap #cards 512 size 80 coarsen threshold 460 Card regions per heap region 1 cards per card region 2048
 CPUs: 8 total, 8 available
 Memory: 3317M
 Large Page Support: Disabled
 NUMA Support: Disabled
 Compressed Oops: Enabled (32-bit)
 Heap Region Size: 1M
 Heap Min Capacity: 8M
 Heap Initial Capacity: 52M
 Heap Max Capacity: 830M
 Pre-touch: Disabled
 Parallel Workers: 8
 Concurrent Workers: 2
 Concurrent Refinement Workers: 8
 Periodic GC: Disabled
Heap:
 garbage-first heap   total 60416K, used 26600K [0x00000000cc200000, 0x0000000100000000)
  region size 1024K, 3 young (3072K), 3 survivors (3072K)
 Metaspace       used 75057K, committed 75968K, reserved 1114112K
  class space    used 10843K, committed 11200K, reserved 1048576K
GC Heap History (20 events):
Event: 1812.064 GC heap after
{Heap after GC invocations=30 (full 0):
 garbage-first heap   total 57344K, used 32993K [0x00000000cc200000, 0x0000000100000000)
  region size 1024K, 3 young (3072K), 3 survivors (3072K)
 Metaspace       used 74338K, committed 74944K, reserved 1114112K
  class space    used 10728K, committed 11008K, reserved 1048576K
}
Event: 2216.127 GC heap before
{Heap before GC invocations=30 (full 0):
 garbage-first heap   total 57344K, used 48353K [0x00000000cc200000, 0x0000000100000000)
  region size 1024K, 18 young (18432K), 3 survivors (3072K)
 Metaspace       used 74834K, committed 75520K, reserved 1114112K
  class space    used 10822K, committed 11136K, reserved 1048576K
}
Event: 2216.360 GC heap after
{Heap after GC invocations=31 (full 0):
 garbage-first heap   total 57344K, used 33641K [0x00000000cc200000, 0x0000000100000000)
  region size 1024K, 2 young (2048K), 2 survivors (2048K)
 Metaspace       used 74834K, committed 75520K, reserved 1114112K
  class space    used 10822K, committed 11136K, reserved 1048576K
}
Event: 2774.242 GC heap before
{Heap before GC invocations=32 (full 0):
 garbage-first heap   total 58368K, used 50025K [0x00000000cc200000, 0x0000000100000000)
  region size 1024K, 18 young (18432K), 2 survivors (2048K)
 Metaspace       used 74886K, committed 75584K, reserved 1114112K
  class space    used 10830K, committed 11136K, reserved 1048576K
}
Event: 2774.633 GC heap after
{Heap after GC invocations=33 (full 0):
 garbage-first heap   total 58368K, used 33976K [0x00000000cc200000, 0x0000000100000000)
  region size 1024K, 2 young (2048K), 2 survivors (2048K)
 Metaspace       used 74886K, committed 75584K, reserved 1114112K
  class space    used 10830K, committed 11136K, reserved 1048576K
}
Event: 3273.637 GC heap before
{Heap before GC invocations=33 (full 0):
 garbage-first heap   total 58368K, used 51384K [0x00000000cc200000, 0x0000000100000000)
  region size 1024K, 19 young (19456K), 2 survivors (2048K)
 Metaspace       used 74981K, committed 75712K, reserved 1114112K
  class space    used 10853K, committed 11200K, reserved 1048576K
}
Event: 3273.765 GC heap after
{Heap after GC invocations=34 (full 0):
 garbage-first heap   total 58368K, used 32607K [0x00000000cc200000, 0x0000000100000000)
  region size 1024K, 2 young (2048K), 2 survivors (2048K)
 Metaspace       used 74981K, committed 75712K, reserved 1114112K
  class space    used 10853K, committed 11200K, reserved 1048576K
}
Event: 3273.921 GC heap before
{Heap before GC invocations=34 (full 0):
 garbage-first heap   total 58368K, used 32607K [0x00000000cc200000, 0x0000000100000000)
  region size 1024K, 3 young (3072K), 2 survivors (2048K)
 Metaspace       used 75002K, committed 75712K, reserved 1114112K
  class space    used 10858K, committed 11200K, reserved 1048576K
}
Event: 3275.275 GC heap after
{Heap after GC invocations=35 (full 1):
 garbage-first heap   total 58368K, used 23866K [0x00000000cc200000, 0x0000000100000000)
  region size 1024K, 0 young (0K), 0 survivors (0K)
 Metaspace       used 74743K, committed 75648K, reserved 1114112K
  class space    used 10799K, committed 11200K, reserved 1048576K
}
Event: 3280.292 GC heap before
{Heap before GC invocations=35 (full 1):
 garbage-first heap   total 58368K, used 48442K [0x00000000cc200000, 0x0000000100000000)
  region size 1024K, 25 young (25600K), 0 survivors (0K)
 Metaspace       used 74793K, committed 75648K, reserved 1114112K
  class space    used 10810K, committed 11200K, reserved 1048576K
}
Event: 3280.351 GC heap after
{Heap after GC invocations=36 (full 1):
 garbage-first heap   total 58368K, used 27023K [0x00000000cc200000, 0x0000000100000000)
  region size 1024K, 4 young (4096K), 4 survivors (4096K)
 Metaspace       used 74793K, committed 75648K, reserved 1114112K
  class space    used 10810K, committed 11200K, reserved 1048576K
}
Event: 3282.929 GC heap before
{Heap before GC invocations=37 (full 1):
 garbage-first heap   total 58368K, used 45455K [0x00000000cc200000, 0x0000000100000000)
  region size 1024K, 23 young (23552K), 4 survivors (4096K)
 Metaspace       used 74928K, committed 75648K, reserved 1114112K
  class space    used 10846K, committed 11200K, reserved 1048576K
}
Event: 3282.986 GC heap after
{Heap after GC invocations=38 (full 1):
 garbage-first heap   total 58368K, used 29535K [0x00000000cc200000, 0x0000000100000000)
  region size 1024K, 3 young (3072K), 3 survivors (3072K)
 Metaspace       used 74928K, committed 75648K, reserved 1114112K
  class space    used 10846K, committed 11200K, reserved 1048576K
}
Event: 3291.231 GC heap before
{Heap before GC invocations=38 (full 1):
 garbage-first heap   total 58368K, used 47967K [0x00000000cc200000, 0x0000000100000000)
  region size 1024K, 21 young (21504K), 3 survivors (3072K)
 Metaspace       used 75221K, committed 75904K, reserved 1114112K
  class space    used 10890K, committed 11200K, reserved 1048576K
}
Event: 3291.480 GC heap after
{Heap after GC invocations=39 (full 1):
 garbage-first heap   total 58368K, used 32446K [0x00000000cc200000, 0x0000000100000000)
  region size 1024K, 3 young (3072K), 3 survivors (3072K)
 Metaspace       used 75221K, committed 75904K, reserved 1114112K
  class space    used 10890K, committed 11200K, reserved 1048576K
}
Event: 3327.344 GC heap before
{Heap before GC invocations=39 (full 1):
 garbage-first heap   total 58368K, used 36542K [0x00000000cc200000, 0x0000000100000000)
  region size 1024K, 7 young (7168K), 3 survivors (3072K)
 Metaspace       used 75234K, committed 75968K, reserved 1114112K
  class space    used 10893K, committed 11200K, reserved 1048576K
}
Event: 3327.510 GC heap after
{Heap after GC invocations=40 (full 1):
 garbage-first heap   total 58368K, used 33169K [0x00000000cc200000, 0x0000000100000000)
  region size 1024K, 1 young (1024K), 1 survivors (1024K)
 Metaspace       used 75234K, committed 75968K, reserved 1114112K
  class space    used 10893K, committed 11200K, reserved 1048576K
}
Event: 3330.007 GC heap before
{Heap before GC invocations=40 (full 1):
 garbage-first heap   total 60416K, used 33169K [0x00000000cc200000, 0x0000000100000000)
  region size 1024K, 2 young (2048K), 1 survivors (1024K)
 Metaspace       used 75074K, committed 75968K, reserved 1114112K
  class space    used 10850K, committed 11200K, reserved 1048576K
}
Event: 3330.231 GC heap after
{Heap after GC invocations=41 (full 2):
 garbage-first heap   total 60416K, used 23809K [0x00000000cc200000, 0x0000000100000000)
  region size 1024K, 0 young (0K), 0 survivors (0K)
 Metaspace       used 75017K, committed 75968K, reserved 1114112K
  class space    used 10835K, committed 11200K, reserved 1048576K
}
Event: 3336.161 GC heap before
{Heap before GC invocations=41 (full 2):
 garbage-first heap   total 60416K, used 47361K [0x00000000cc200000, 0x0000000100000000)
  region size 1024K, 23 young (23552K), 0 survivors (0K)
 Metaspace       used 75057K, committed 75968K, reserved 1114112K
  class space    used 10843K, committed 11200K, reserved 1048576K
}

